<?xml version="1.0" encoding="UTF-8"?>
<testsuite xmlns:xsi="http://www.w3.org/2001/XMLSchema-instance" xsi:noNamespaceSchemaLocation="https://maven.apache.org/surefire/maven-surefire-plugin/xsd/surefire-test-report.xsd" version="3.0.1" name="dev.ratas.slimedogcore.impl.messaging.context.ContextTest" time="0.01" tests="19" errors="0" skipped="0" failures="0">
  <properties>
[...]
</properties>
  <testcase name="test_QuadrupleContextEqualToOneAtATime" classname="dev.ratas.slimedogcore.impl.messaging.context.ContextTest" time="0.002"/>
  <testcase name="test_singleContextFillsPlaceholderCurlyBrackets" classname="dev.ratas.slimedogcore.impl.messaging.context.ContextTest" time="0.001"/>
  <testcase name="test_tripleContextEqualToOneAtATime" classname="dev.ratas.slimedogcore.impl.messaging.context.ContextTest" time="0.001"/>
  <testcase name="test_doubleContextFillsBothCurlyBrackets" classname="dev.ratas.slimedogcore.impl.messaging.context.ContextTest" time="0.001"/>
  <testcase name="test_doubleContextIdenticalToDelegaes" classname="dev.ratas.slimedogcore.impl.messaging.context.ContextTest" time="0.0"/>
  <testcase name="test_doubleContextOrderDoesNotMatter" classname="dev.ratas.slimedogcore.impl.messaging.context.ContextTest" time="0.001"/>
  <testcase name="test_quadrupleContextFillsAllCurlyBrackets" classname="dev.ratas.slimedogcore.impl.messaging.context.ContextTest" time="0.0"/>
  <testcase name="test_quadrupleContextOrderDoesNotMatter" classname="dev.ratas.slimedogcore.impl.messaging.context.ContextTest" time="0.0"/>
  <testcase name="test_singleContextFillsLeavesFakePlaceholderCurlyBrackets" classname="dev.ratas.slimedogcore.impl.messaging.context.ContextTest" time="0.0"/>
  <testcase name="test_voidCntextParsesNothing" classname="dev.ratas.slimedogcore.impl.messaging.context.ContextTest" time="0.0"/>
  <testcase name="test_quadrupleContextDoubleDoubleIdentical" classname="dev.ratas.slimedogcore.impl.messaging.context.ContextTest" time="0.001"/>
  <testcase name="test_tripleContextLopsideWorks" classname="dev.ratas.slimedogcore.impl.messaging.context.ContextTest" time="0.0"/>
  <testcase name="test_singleContextMultiFillNoChange" classname="dev.ratas.slimedogcore.impl.messaging.context.ContextTest" time="0.0"/>
  <testcase name="test_singleContextFillsPlaceholderCurlyBracketsInt" classname="dev.ratas.slimedogcore.impl.messaging.context.ContextTest" time="0.001"/>
  <testcase name="test_voidCntextParsesNothingEvenWhenPresent" classname="dev.ratas.slimedogcore.impl.messaging.context.ContextTest" time="0.0"/>
  <testcase name="test_tripleContextOrderDoesNotMatter" classname="dev.ratas.slimedogcore.impl.messaging.context.ContextTest" time="0.0"/>
  <testcase name="test_singleContextFillsPlaceholderPercent" classname="dev.ratas.slimedogcore.impl.messaging.context.ContextTest" time="0.001"/>
  <testcase name="test_tripleContextFillsAllCurlyBrackets" classname="dev.ratas.slimedogcore.impl.messaging.context.ContextTest" time="0.0"/>
  <testcase name="test_singleContextFillsLeavesFakePlaceholderPercent" classname="dev.ratas.slimedogcore.impl.messaging.context.ContextTest" time="0.0"/>
</testsuite>